<?xml version="1.0" encoding="utf-8"?><testsuites name="pytest tests"><testsuite name="pytest" errors="0" failures="0" skipped="0" tests="16" time="7.202" timestamp="2026-05-18T07:25:46.341519+00:00" hostname="agent-env-1d92811d-04da-4504-b43b-07591c102126"><testcase classname="backend.tests.test_iteration4_pricing.TestPricingCap" name="test_pricing_config_has_new_keys" time="0.272" /><testcase classname="backend.tests.test_iteration4_pricing.TestPricingCap" name="test_estimate_short_under_75km_normal" time="0.139" /><testcase classname="backend.tests.test_iteration4_pricing.TestPricingCap" name="test_estimate_75_to_130_is_capped" time="0.342" /><testcase classname="backend.tests.test_iteration4_pricing.TestPricingCap" name="test_estimate_over_130_requires_manual" time="0.126" /><testcase classname="backend.tests.test_iteration4_pricing.TestOrderCreationByDistance" name="test_order_short_distance_normal_pending" time="0.535" /><testcase classname="backend.tests.test_iteration4_pricing.TestOrderCreationByDistance" name="test_order_75_to_130_capped" time="0.420" /><testcase classname="backend.tests.test_iteration4_pricing.TestOrderCreationByDistance" name="test_order_over_130_pending_review" time="0.435" /><testcase classname="backend.tests.test_iteration4_pricing.TestAdminEndpoints" name="test_pending_review_requires_admin_403_for_customer" time="0.506" /><testcase classname="backend.tests.test_iteration4_pricing.TestAdminEndpoints" name="test_pending_review_no_token_401" time="0.092" /><testcase classname="backend.tests.test_iteration4_pricing.TestAdminEndpoints" name="test_pending_review_admin_ok_contains_manual_order" time="0.416" /><testcase classname="backend.tests.test_iteration4_pricing.TestAdminEndpoints" name="test_admin_list_all_orders_with_status_filter" time="0.424" /><testcase classname="backend.tests.test_iteration4_pricing.TestAdminEndpoints" name="test_set_manual_price_success" time="0.451" /><testcase classname="backend.tests.test_iteration4_pricing.TestAdminEndpoints" name="test_set_manual_price_too_low_400" time="0.795" /><testcase classname="backend.tests.test_iteration4_pricing.TestAdminEndpoints" name="test_set_manual_price_on_non_pending_review_400" time="0.437" /><testcase classname="backend.tests.test_iteration4_pricing.TestAdminEndpoints" name="test_set_manual_price_requires_admin_403" time="0.792" /><testcase classname="backend.tests.test_iteration4_pricing.TestAdminEndpoints" name="test_admin_reject_order_sets_cancelled" time="0.933" /></testsuite></testsuites>