<?xml version="1.0" encoding="utf-8"?><testsuites name="pytest tests"><testsuite name="pytest" errors="0" failures="0" skipped="0" tests="24" time="4.932" timestamp="2026-05-17T21:41:00.761333+00:00" hostname="agent-env-1d92811d-04da-4504-b43b-07591c102126"><testcase classname="backend.tests.test_naqalgo_api.TestHealth" name="test_root" time="0.190" /><testcase classname="backend.tests.test_naqalgo_api.TestHealth" name="test_health_db" time="0.137" /><testcase classname="backend.tests.test_naqalgo_api.TestAuth" name="test_send_otp_normalizes" time="0.108" /><testcase classname="backend.tests.test_naqalgo_api.TestAuth" name="test_send_otp_already_prefixed" time="0.106" /><testcase classname="backend.tests.test_naqalgo_api.TestAuth" name="test_send_otp_invalid_short" time="0.105" /><testcase classname="backend.tests.test_naqalgo_api.TestAuth" name="test_verify_otp_new_user" time="0.255" /><testcase classname="backend.tests.test_naqalgo_api.TestAuth" name="test_verify_otp_invalid_code" time="0.289" /><testcase classname="backend.tests.test_naqalgo_api.TestAuth" name="test_update_profile" time="0.148" /><testcase classname="backend.tests.test_naqalgo_api.TestAuth" name="test_get_me" time="0.126" /><testcase classname="backend.tests.test_naqalgo_api.TestAuth" name="test_get_me_no_token" time="0.111" /><testcase classname="backend.tests.test_naqalgo_api.TestAdmin" name="test_admin_login_success" time="0.343" /><testcase classname="backend.tests.test_naqalgo_api.TestAdmin" name="test_admin_login_wrong_password" time="0.355" /><testcase classname="backend.tests.test_naqalgo_api.TestPricing" name="test_pricing_config" time="0.122" /><testcase classname="backend.tests.test_naqalgo_api.TestPricing" name="test_estimate_short_distance_under_3km" time="0.107" /><testcase classname="backend.tests.test_naqalgo_api.TestPricing" name="test_estimate_vehicle_multipliers" time="0.428" /><testcase classname="backend.tests.test_naqalgo_api.TestPricing" name="test_estimate_3_to_10_km_range" time="0.116" /><testcase classname="backend.tests.test_naqalgo_api.TestOrders" name="test_create_order" time="0.135" /><testcase classname="backend.tests.test_naqalgo_api.TestOrders" name="test_list_orders_returns_own" time="0.109" /><testcase classname="backend.tests.test_naqalgo_api.TestOrders" name="test_get_single_order" time="0.121" /><testcase classname="backend.tests.test_naqalgo_api.TestOrders" name="test_get_other_user_order_forbidden" time="0.309" /><testcase classname="backend.tests.test_naqalgo_api.TestOrders" name="test_simulate_accept" time="0.105" /><testcase classname="backend.tests.test_naqalgo_api.TestOrders" name="test_simulate_progress_cycle" time="0.488" /><testcase classname="backend.tests.test_naqalgo_api.TestOrders" name="test_cancel_order_after_complete_fails" time="0.123" /><testcase classname="backend.tests.test_naqalgo_api.TestOrders" name="test_cancel_pending_order" time="0.321" /></testsuite></testsuites>