<?xml version="1.0" encoding="utf-8"?><testsuites name="pytest tests"><testsuite name="pytest" errors="0" failures="3" skipped="0" tests="24" time="5.981" timestamp="2026-05-18T07:02:32.024482+00:00" hostname="agent-env-1d92811d-04da-4504-b43b-07591c102126"><testcase classname="tests.test_naqalgo_api.TestHealth" name="test_root" time="0.198" /><testcase classname="tests.test_naqalgo_api.TestHealth" name="test_health_db" time="0.141" /><testcase classname="tests.test_naqalgo_api.TestAuth" name="test_send_otp_normalizes" time="0.151" /><testcase classname="tests.test_naqalgo_api.TestAuth" name="test_send_otp_already_prefixed" time="0.107" /><testcase classname="tests.test_naqalgo_api.TestAuth" name="test_send_otp_invalid_short" time="0.135" /><testcase classname="tests.test_naqalgo_api.TestAuth" name="test_verify_otp_new_user" time="0.206"><failure message="assert False is True">tests/test_naqalgo_api.py:65: in test_verify_otp_new_user
    assert data["needs_name"] is True
E   assert False is True</failure></testcase><testcase classname="tests.test_naqalgo_api.TestAuth" name="test_verify_otp_invalid_code" time="0.249" /><testcase classname="tests.test_naqalgo_api.TestAuth" name="test_update_profile" time="0.000"><failure message="AssertionError: Need token from prior test&#10;assert None&#10; +  where None = TestAuth.customer_token">tests/test_naqalgo_api.py:79: in test_update_profile
    assert TestAuth.customer_token, "Need token from prior test"
E   AssertionError: Need token from prior test
E   assert None
E    +  where None = TestAuth.customer_token</failure></testcase><testcase classname="tests.test_naqalgo_api.TestAuth" name="test_get_me" time="0.000"><failure message="assert None&#10; +  where None = TestAuth.customer_token">tests/test_naqalgo_api.py:86: in test_get_me
    assert TestAuth.customer_token
E   assert None
E    +  where None = TestAuth.customer_token</failure></testcase><testcase classname="tests.test_naqalgo_api.TestAuth" name="test_get_me_no_token" time="0.103" /><testcase classname="tests.test_naqalgo_api.TestAdmin" name="test_admin_login_success" time="0.358" /><testcase classname="tests.test_naqalgo_api.TestAdmin" name="test_admin_login_wrong_password" time="0.333" /><testcase classname="tests.test_naqalgo_api.TestPricing" name="test_pricing_config" time="0.132" /><testcase classname="tests.test_naqalgo_api.TestPricing" name="test_estimate_short_distance_under_3km" time="0.111" /><testcase classname="tests.test_naqalgo_api.TestPricing" name="test_estimate_vehicle_multipliers" time="0.402" /><testcase classname="tests.test_naqalgo_api.TestPricing" name="test_estimate_3_to_10_km_range" time="0.101" /><testcase classname="tests.test_naqalgo_api.TestOrders" name="test_create_order" time="0.331" /><testcase classname="tests.test_naqalgo_api.TestOrders" name="test_list_orders_returns_own" time="0.294" /><testcase classname="tests.test_naqalgo_api.TestOrders" name="test_get_single_order" time="0.301" /><testcase classname="tests.test_naqalgo_api.TestOrders" name="test_get_other_user_order_forbidden" time="0.311" /><testcase classname="tests.test_naqalgo_api.TestOrders" name="test_simulate_accept" time="0.297" /><testcase classname="tests.test_naqalgo_api.TestOrders" name="test_simulate_progress_cycle" time="0.676" /><testcase classname="tests.test_naqalgo_api.TestOrders" name="test_cancel_order_after_complete_fails" time="0.330" /><testcase classname="tests.test_naqalgo_api.TestOrders" name="test_cancel_pending_order" time="0.504" /></testsuite></testsuites>